TN:
SF:src\middleware.ts
FN:4,middleware
FNF:1
FNH:0
FNDA:0,middleware
DA:5,0
DA:8,0
LF:2
LH:0
BRF:0
BRH:0
end_of_record
TN:
SF:src\app\error.tsx
FN:13,GlobalError
FN:20,(anonymous_1)
FNF:2
FNH:0
FNDA:0,GlobalError
FNDA:0,(anonymous_1)
DA:14,0
DA:20,0
LF:2
LH:0
BRF:0
BRH:0
end_of_record
TN:
SF:src\app\layout.tsx
FN:41,RootLayout
FNF:1
FNH:0
FNDA:0,RootLayout
DA:12,0
DA:42,0
LF:2
LH:0
BRF:0
BRH:0
end_of_record
TN:
SF:src\app\not-found.tsx
FN:7,NotFound
FNF:1
FNH:0
FNDA:0,NotFound
DA:8,0
LF:1
LH:0
BRF:0
BRH:0
end_of_record
TN:
SF:src\app\page.tsx
FN:4,HomePage
FNF:1
FNH:1
FNDA:3,HomePage
DA:5,3
LF:1
LH:1
BRF:0
BRH:0
end_of_record
TN:
SF:src\app\about\page.tsx
FN:7,About
FNF:1
FNH:0
FNDA:0,About
DA:8,0
LF:1
LH:0
BRF:0
BRH:0
end_of_record
TN:
SF:src\app\api\auth\[...auth0]\route.ts
FN:2,(anonymous_0)
FN:3,(anonymous_1)
FNF:2
FNH:0
FNDA:0,(anonymous_0)
FNDA:0,(anonymous_1)
DA:2,0
DA:3,0
LF:2
LH:0
BRF:0
BRH:0
end_of_record
TN:
SF:src\app\contact\page.tsx
FN:7,Contact
FNF:1
FNH:0
FNDA:0,Contact
DA:8,0
LF:1
LH:0
BRF:0
BRH:0
end_of_record
TN:
SF:src\app\events\page.tsx
FN:28,Events
FN:33,(anonymous_1)
FNF:2
FNH:0
FNDA:0,Events
FNDA:0,(anonymous_1)
DA:12,0
DA:29,0
DA:34,0
LF:3
LH:0
BRF:0
BRH:0
end_of_record
TN:
SF:src\app\events\[slug]\page.tsx
FN:11,EventDetail
FNF:1
FNH:0
FNDA:0,EventDetail
DA:12,0
DA:13,0
DA:14,0
LF:3
LH:0
BRDA:13,0,0,0
BRDA:13,0,1,0
BRF:2
BRH:0
end_of_record
TN:
SF:src\app\my-stables\page.tsx
FN:11,MyStables
FNF:1
FNH:0
FNDA:0,MyStables
DA:12,0
DA:13,0
LF:2
LH:0
BRDA:12,0,0,0
BRDA:12,0,1,0
BRDA:16,1,0,0
BRDA:16,1,1,0
BRF:4
BRH:0
end_of_record
TN:
SF:src\app\news\page.tsx
FN:30,News
FN:35,(anonymous_1)
FNF:2
FNH:0
FNDA:0,News
FNDA:0,(anonymous_1)
DA:12,0
DA:31,0
DA:36,0
LF:3
LH:0
BRF:0
BRH:0
end_of_record
TN:
SF:src\app\news\[slug]\page.tsx
FN:11,NewsArticle
FNF:1
FNH:0
FNDA:0,NewsArticle
DA:12,0
DA:13,0
DA:14,0
LF:3
LH:0
BRDA:13,0,0,0
BRDA:13,0,1,0
BRF:2
BRH:0
end_of_record
TN:
SF:src\app\tokinvest\page.tsx
FN:7,Tokinvest
FNF:1
FNH:0
FNDA:0,Tokinvest
DA:8,0
LF:1
LH:0
BRF:0
BRH:0
end_of_record
TN:
SF:src\components\Footer.tsx
FN:8,Footer
FNF:1
FNH:0
FNDA:0,Footer
DA:9,0
LF:1
LH:0
BRF:0
BRH:0
end_of_record
TN:
SF:src\components\Header.tsx
FN:10,Header
FNF:1
FNH:0
FNDA:0,Header
DA:12,0
DA:14,0
LF:2
LH:0
BRDA:12,0,0,0
BRDA:12,0,1,0
BRDA:36,1,0,0
BRDA:36,1,1,0
BRDA:43,2,0,0
BRDA:43,2,1,0
BRF:6
BRH:0
end_of_record
TN:
SF:src\components\text-generate-effect.tsx
FN:12,(anonymous_0)
FN:22,(anonymous_1)
FN:25,(anonymous_2)
FN:26,(anonymous_3)
FN:27,(anonymous_4)
FN:32,(anonymous_5)
FNF:6
FNH:0
FNDA:0,(anonymous_0)
FNDA:0,(anonymous_1)
FNDA:0,(anonymous_2)
FNDA:0,(anonymous_3)
FNDA:0,(anonymous_4)
FNDA:0,(anonymous_5)
DA:12,0
DA:18,0
DA:19,0
DA:20,0
DA:22,0
DA:23,0
DA:24,0
DA:26,0
DA:27,0
DA:32,0
DA:34,0
DA:38,0
LF:12
LH:0
BRDA:14,0,0,0
BRDA:16,1,0,0
BRDA:23,2,0,0
BRDA:23,2,1,0
BRDA:44,3,0,0
BRDA:44,3,1,0
BRDA:44,3,2,0
BRDA:45,4,0,0
BRDA:45,4,1,0
BRDA:49,5,0,0
BRDA:49,5,1,0
BRF:11
BRH:0
end_of_record
TN:
SF:src\components\layout\NavBar.tsx
FN:6,NavBar
FNF:1
FNH:1
FNDA:3,NavBar
DA:7,3
LF:1
LH:1
BRF:0
BRH:0
end_of_record
TN:
SF:src\components\ui\button.tsx
FN:36,(anonymous_0)
FNF:1
FNH:1
FNDA:5,(anonymous_0)
DA:6,2
DA:35,2
DA:37,5
DA:38,5
DA:44,2
LF:5
LH:5
BRDA:36,0,0,5
BRDA:37,1,0,0
BRDA:37,1,1,5
BRF:3
BRH:2
end_of_record
TN:
SF:src\components\ui\container.tsx
FN:4,(anonymous_0)
FNF:1
FNH:0
FNDA:0,(anonymous_0)
DA:4,0
DA:11,0
LF:2
LH:0
BRF:0
BRH:0
end_of_record
TN:
SF:src\components\ui\header.tsx
FN:9,(anonymous_0)
FN:69,(anonymous_1)
FN:111,(anonymous_2)
FN:119,(anonymous_3)
FN:127,(anonymous_4)
FN:135,(anonymous_5)
FN:143,(anonymous_6)
FN:152,(anonymous_7)
FN:162,(anonymous_8)
FNF:9
FNH:0
FNDA:0,(anonymous_0)
FNDA:0,(anonymous_1)
FNDA:0,(anonymous_2)
FNDA:0,(anonymous_3)
FNDA:0,(anonymous_4)
FNDA:0,(anonymous_5)
FNDA:0,(anonymous_6)
FNDA:0,(anonymous_7)
FNDA:0,(anonymous_8)
DA:9,0
DA:10,0
DA:11,0
DA:13,0
DA:69,0
DA:111,0
DA:119,0
DA:127,0
DA:135,0
DA:143,0
DA:152,0
DA:162,0
LF:12
LH:0
BRDA:11,0,0,0
BRDA:11,0,1,0
BRDA:56,1,0,0
BRDA:56,1,1,0
BRDA:94,2,0,0
BRDA:94,2,1,0
BRDA:96,3,0,0
BRDA:96,3,1,0
BRDA:101,4,0,0
BRDA:101,4,1,0
BRDA:148,5,0,0
BRDA:148,5,1,0
BRDA:161,6,0,0
BRDA:161,6,1,0
BRDA:165,7,0,0
BRDA:165,7,1,0
BRF:16
BRH:0
end_of_record
TN:
SF:src\components\ui\hero.tsx
FN:15,(anonymous_0)
FNF:1
FNH:0
FNDA:0,(anonymous_0)
DA:15,0
DA:25,0
DA:31,0
LF:3
LH:0
BRDA:22,0,0,0
BRDA:23,1,0,0
BRDA:35,2,0,0
BRDA:35,2,1,0
BRDA:45,3,0,0
BRDA:45,3,1,0
BRDA:57,4,0,0
BRDA:57,4,1,0
BRDA:64,5,0,0
BRDA:64,5,1,0
BRF:10
BRH:0
end_of_record
TN:
SF:src\components\ui\section.tsx
FN:9,(anonymous_0)
FNF:1
FNH:0
FNDA:0,(anonymous_0)
DA:9,0
DA:10,0
LF:2
LH:0
BRF:0
BRH:0
end_of_record
TN:
SF:src\components\ui\social-icon.tsx
FN:11,(anonymous_0)
FNF:1
FNH:0
FNDA:0,(anonymous_0)
DA:11,0
DA:12,0
LF:2
LH:0
BRF:0
BRH:0
end_of_record
TN:
SF:src\lib\auth0.ts
FNF:0
FNH:0
DA:3,0
LF:1
LH:0
BRF:0
BRH:0
end_of_record
TN:
SF:src\lib\utils.ts
FN:11,cn
FNF:1
FNH:1
FNDA:5,cn
DA:12,5
LF:1
LH:1
BRF:0
BRH:0
end_of_record
